
SQL*Loader: Release 11.2.0.2.0 - Production on Mar Oct 18 17:18:19 2016

Copyright (c) 1982, 2009, Oracle and/or its affiliates.  All rights reserved.

Control File:   Control/patentes.ctl
Data File:      FileData/patentes.csv
  Bad File:     Control/patentes.bad
  Discard File:  none specified
 
 (Allow all discards)

Number to load: ALL
Number to skip: 1
Errors allowed: 50
Bind array:     64 rows, maximum of 256000 bytes
Continuation:    none specified
Path used:      Conventional

Table PATENTES, loaded from every logical record.
Insert option in effect for this table: TRUNCATE
TRAILING NULLCOLS option in effect

   Column Name                  Position   Len  Term Encl Datatype
------------------------------ ---------- ----- ---- ---- ---------------------
CODIGOPATENTE                       FIRST     *   $       CHARACTER            
    SQL string for column : "TRIM(:CODIGOPATENTE)"
ANIOPUBLI                            NEXT     *   $       CHARACTER            
    SQL string for column : "TRIM(:ANIOPUBLI)"
DESCRIPPATENTE                       NEXT     *   $       CHARACTER            
    SQL string for column : "TRIM(:DESCRIPPATENTE)"
PAIS                                 NEXT     *   $       CHARACTER            
    SQL string for column : "TRIM(:PAIS)"
RANKINGAREA                          NEXT     *   $       CHARACTER            
    SQL string for column : "TRIM(:RANKINGAREA)"
AREAINVESTIGACION                    NEXT     *   $       CHARACTER            
    SQL string for column : "TRIM(:AREAINVESTIGACION)"
DESCRIPAREA                          NEXT     *   $       CHARACTER            
    SQL string for column : "TRIM(:DESCRIPAREA)"
INVENTOR                             NEXT     *   $       CHARACTER            
    SQL string for column : "TRIM(:INVENTOR)"
NACIONALIDAD                         NEXT     *   $       CHARACTER            
    SQL string for column : "TRIM(:NACIONALIDAD)"

Record 118: Rejected - Error on table PATENTES, column ANIOPUBLI.
ORA-01722: invalid number

Record 131: Rejected - Error on table PATENTES, column ANIOPUBLI.
ORA-01722: invalid number

Record 137: Rejected - Error on table PATENTES, column ANIOPUBLI.
ORA-01722: invalid number

Record 139: Rejected - Error on table PATENTES, column ANIOPUBLI.
ORA-01722: invalid number

Record 175: Rejected - Error on table PATENTES, column ANIOPUBLI.
ORA-01722: invalid number

Record 177: Rejected - Error on table PATENTES, column ANIOPUBLI.
ORA-01722: invalid number


Table PATENTES:
  232 Rows successfully loaded.
  6 Rows not loaded due to data errors.
  0 Rows not loaded because all WHEN clauses were failed.
  0 Rows not loaded because all fields were null.


Space allocated for bind array:                 148608 bytes(64 rows)
Read   buffer bytes: 1048576

Total logical records skipped:          1
Total logical records read:           238
Total logical records rejected:         6
Total logical records discarded:        0

Run began on Mar Oct 18 17:18:19 2016
Run ended on Mar Oct 18 17:18:19 2016

Elapsed time was:     00:00:00.13
CPU time was:         00:00:00.01
